<?xml version="1.0" encoding="UTF-8"?>
<!-- Generated by org.testng.reporters.JUnitReportReporter -->
<testsuite skipped="0" hostname="Amruthas-MacBook-Air.local" name="WebDriverManager.WebdriverManager" tests="1" failures="0" timestamp="10 Nov 2019 23:12:51 GMT" time="21.433" errors="0">
  <testcase name="freeCRMTest" time="21.433" classname="WebDriverManager.WebdriverManager"/>
</testsuite> <!-- WebDriverManager.WebdriverManager -->
