<?xml version="1.0" encoding="UTF-8"?>
<!-- Generated by org.testng.reporters.JUnitReportReporter -->
<testsuite skipped="0" hostname="Amruthas-MacBook-Air.local" name="com.qa.barcode.BarcodeTest" tests="1" failures="0" timestamp="09 Nov 2019 19:24:38 GMT" time="13.097" errors="0">
  <testcase name="barcodeTest" time="13.097" classname="com.qa.barcode.BarcodeTest"/>
</testsuite> <!-- com.qa.barcode.BarcodeTest -->
