<?xml version="1.0" encoding="UTF-8"?>
<!-- Generated by org.testng.reporters.JUnitReportReporter -->
<testsuite skipped="0" hostname="Amruthas-MacBook-Air.local" name="com.qa.FirefoxLaunch.PDFReaderTest" tests="1" failures="0" timestamp="10 Nov 2019 01:50:48 GMT" time="8.332" errors="0">
  <testcase name="readPDFTest" time="8.332" classname="com.qa.FirefoxLaunch.PDFReaderTest"/>
</testsuite> <!-- com.qa.FirefoxLaunch.PDFReaderTest -->
